[2024-04-30T11:35:27.244+0000] {processor.py:161} INFO - Started process (PID=96) to work on /opt/airflow/dags/etl_dag.py
[2024-04-30T11:35:27.245+0000] {processor.py:830} INFO - Processing file /opt/airflow/dags/etl_dag.py for tasks to queue
[2024-04-30T11:35:27.248+0000] {logging_mixin.py:188} INFO - [2024-04-30T11:35:27.247+0000] {dagbag.py:540} INFO - Filling up the DagBag from /opt/airflow/dags/etl_dag.py
[2024-04-30T11:35:27.294+0000] {processor.py:840} INFO - DAG(s) 'etl_pipeline' retrieved from /opt/airflow/dags/etl_dag.py
[2024-04-30T11:35:27.576+0000] {logging_mixin.py:188} INFO - [2024-04-30T11:35:27.575+0000] {override.py:1829} INFO - Created Permission View: can read on DAG:etl_pipeline
[2024-04-30T11:35:27.591+0000] {logging_mixin.py:188} INFO - [2024-04-30T11:35:27.591+0000] {override.py:1829} INFO - Created Permission View: can delete on DAG:etl_pipeline
[2024-04-30T11:35:27.599+0000] {logging_mixin.py:188} INFO - [2024-04-30T11:35:27.599+0000] {override.py:1829} INFO - Created Permission View: can edit on DAG:etl_pipeline
[2024-04-30T11:35:27.600+0000] {logging_mixin.py:188} INFO - [2024-04-30T11:35:27.599+0000] {dag.py:3096} INFO - Sync 1 DAGs
[2024-04-30T11:35:27.615+0000] {logging_mixin.py:188} INFO - [2024-04-30T11:35:27.614+0000] {dag.py:3118} INFO - Creating ORM DAG for etl_pipeline
[2024-04-30T11:35:27.629+0000] {logging_mixin.py:188} INFO - [2024-04-30T11:35:27.628+0000] {dag.py:3954} INFO - Setting next_dagrun for etl_pipeline to 2024-04-29 00:00:00+00:00, run_after=2024-04-30 00:00:00+00:00
[2024-04-30T11:35:27.652+0000] {processor.py:183} INFO - Processing /opt/airflow/dags/etl_dag.py took 0.414 seconds
[2024-04-30T11:35:57.870+0000] {processor.py:161} INFO - Started process (PID=103) to work on /opt/airflow/dags/etl_dag.py
[2024-04-30T11:35:57.872+0000] {processor.py:830} INFO - Processing file /opt/airflow/dags/etl_dag.py for tasks to queue
[2024-04-30T11:35:57.874+0000] {logging_mixin.py:188} INFO - [2024-04-30T11:35:57.874+0000] {dagbag.py:540} INFO - Filling up the DagBag from /opt/airflow/dags/etl_dag.py
[2024-04-30T11:35:57.904+0000] {processor.py:840} INFO - DAG(s) 'etl_pipeline' retrieved from /opt/airflow/dags/etl_dag.py
[2024-04-30T11:35:57.933+0000] {logging_mixin.py:188} INFO - [2024-04-30T11:35:57.933+0000] {dag.py:3096} INFO - Sync 1 DAGs
[2024-04-30T11:35:57.961+0000] {logging_mixin.py:188} INFO - [2024-04-30T11:35:57.961+0000] {dag.py:3954} INFO - Setting next_dagrun for etl_pipeline to 2024-04-29 00:00:00+00:00, run_after=2024-04-30 00:00:00+00:00
[2024-04-30T11:35:57.985+0000] {processor.py:183} INFO - Processing /opt/airflow/dags/etl_dag.py took 0.121 seconds
[2024-04-30T11:36:28.058+0000] {processor.py:161} INFO - Started process (PID=121) to work on /opt/airflow/dags/etl_dag.py
[2024-04-30T11:36:28.059+0000] {processor.py:830} INFO - Processing file /opt/airflow/dags/etl_dag.py for tasks to queue
[2024-04-30T11:36:28.062+0000] {logging_mixin.py:188} INFO - [2024-04-30T11:36:28.061+0000] {dagbag.py:540} INFO - Filling up the DagBag from /opt/airflow/dags/etl_dag.py
[2024-04-30T11:36:28.085+0000] {processor.py:840} INFO - DAG(s) 'etl_pipeline' retrieved from /opt/airflow/dags/etl_dag.py
[2024-04-30T11:36:28.114+0000] {logging_mixin.py:188} INFO - [2024-04-30T11:36:28.114+0000] {dag.py:3096} INFO - Sync 1 DAGs
[2024-04-30T11:36:28.142+0000] {logging_mixin.py:188} INFO - [2024-04-30T11:36:28.142+0000] {dag.py:3954} INFO - Setting next_dagrun for etl_pipeline to 2024-04-30 00:00:00+00:00, run_after=2024-05-01 00:00:00+00:00
[2024-04-30T11:36:28.167+0000] {processor.py:183} INFO - Processing /opt/airflow/dags/etl_dag.py took 0.116 seconds
[2024-04-30T11:36:58.411+0000] {processor.py:161} INFO - Started process (PID=128) to work on /opt/airflow/dags/etl_dag.py
[2024-04-30T11:36:58.413+0000] {processor.py:830} INFO - Processing file /opt/airflow/dags/etl_dag.py for tasks to queue
[2024-04-30T11:36:58.415+0000] {logging_mixin.py:188} INFO - [2024-04-30T11:36:58.415+0000] {dagbag.py:540} INFO - Filling up the DagBag from /opt/airflow/dags/etl_dag.py
[2024-04-30T11:36:58.441+0000] {processor.py:840} INFO - DAG(s) 'etl_pipeline' retrieved from /opt/airflow/dags/etl_dag.py
[2024-04-30T11:36:58.473+0000] {logging_mixin.py:188} INFO - [2024-04-30T11:36:58.473+0000] {dag.py:3096} INFO - Sync 1 DAGs
[2024-04-30T11:36:58.538+0000] {logging_mixin.py:188} INFO - [2024-04-30T11:36:58.537+0000] {dag.py:3954} INFO - Setting next_dagrun for etl_pipeline to 2024-04-30 00:00:00+00:00, run_after=2024-05-01 00:00:00+00:00
[2024-04-30T11:36:58.633+0000] {processor.py:183} INFO - Processing /opt/airflow/dags/etl_dag.py took 0.228 seconds
[2024-04-30T11:37:28.880+0000] {processor.py:161} INFO - Started process (PID=135) to work on /opt/airflow/dags/etl_dag.py
[2024-04-30T11:37:28.882+0000] {processor.py:830} INFO - Processing file /opt/airflow/dags/etl_dag.py for tasks to queue
[2024-04-30T11:37:28.884+0000] {logging_mixin.py:188} INFO - [2024-04-30T11:37:28.884+0000] {dagbag.py:540} INFO - Filling up the DagBag from /opt/airflow/dags/etl_dag.py
[2024-04-30T11:37:28.907+0000] {processor.py:840} INFO - DAG(s) 'etl_pipeline' retrieved from /opt/airflow/dags/etl_dag.py
[2024-04-30T11:37:28.939+0000] {logging_mixin.py:188} INFO - [2024-04-30T11:37:28.939+0000] {dag.py:3096} INFO - Sync 1 DAGs
[2024-04-30T11:37:28.977+0000] {logging_mixin.py:188} INFO - [2024-04-30T11:37:28.976+0000] {dag.py:3954} INFO - Setting next_dagrun for etl_pipeline to 2024-04-30 00:00:00+00:00, run_after=2024-05-01 00:00:00+00:00
[2024-04-30T11:37:29.001+0000] {processor.py:183} INFO - Processing /opt/airflow/dags/etl_dag.py took 0.127 seconds
[2024-04-30T11:37:59.091+0000] {processor.py:161} INFO - Started process (PID=142) to work on /opt/airflow/dags/etl_dag.py
[2024-04-30T11:37:59.093+0000] {processor.py:830} INFO - Processing file /opt/airflow/dags/etl_dag.py for tasks to queue
[2024-04-30T11:37:59.097+0000] {logging_mixin.py:188} INFO - [2024-04-30T11:37:59.096+0000] {dagbag.py:540} INFO - Filling up the DagBag from /opt/airflow/dags/etl_dag.py
[2024-04-30T11:37:59.139+0000] {processor.py:840} INFO - DAG(s) 'etl_pipeline' retrieved from /opt/airflow/dags/etl_dag.py
[2024-04-30T11:37:59.192+0000] {logging_mixin.py:188} INFO - [2024-04-30T11:37:59.191+0000] {dag.py:3096} INFO - Sync 1 DAGs
[2024-04-30T11:37:59.235+0000] {logging_mixin.py:188} INFO - [2024-04-30T11:37:59.234+0000] {dag.py:3954} INFO - Setting next_dagrun for etl_pipeline to 2024-04-30 00:00:00+00:00, run_after=2024-05-01 00:00:00+00:00
[2024-04-30T11:37:59.275+0000] {processor.py:183} INFO - Processing /opt/airflow/dags/etl_dag.py took 0.191 seconds
[2024-04-30T11:38:29.419+0000] {processor.py:161} INFO - Started process (PID=149) to work on /opt/airflow/dags/etl_dag.py
[2024-04-30T11:38:29.420+0000] {processor.py:830} INFO - Processing file /opt/airflow/dags/etl_dag.py for tasks to queue
[2024-04-30T11:38:29.426+0000] {logging_mixin.py:188} INFO - [2024-04-30T11:38:29.425+0000] {dagbag.py:540} INFO - Filling up the DagBag from /opt/airflow/dags/etl_dag.py
[2024-04-30T11:38:29.466+0000] {processor.py:840} INFO - DAG(s) 'etl_pipeline' retrieved from /opt/airflow/dags/etl_dag.py
[2024-04-30T11:38:29.511+0000] {logging_mixin.py:188} INFO - [2024-04-30T11:38:29.511+0000] {dag.py:3096} INFO - Sync 1 DAGs
[2024-04-30T11:38:29.553+0000] {logging_mixin.py:188} INFO - [2024-04-30T11:38:29.553+0000] {dag.py:3954} INFO - Setting next_dagrun for etl_pipeline to 2024-04-30 00:00:00+00:00, run_after=2024-05-01 00:00:00+00:00
[2024-04-30T11:38:29.590+0000] {processor.py:183} INFO - Processing /opt/airflow/dags/etl_dag.py took 0.185 seconds
[2024-04-30T11:38:59.727+0000] {processor.py:161} INFO - Started process (PID=156) to work on /opt/airflow/dags/etl_dag.py
[2024-04-30T11:38:59.728+0000] {processor.py:830} INFO - Processing file /opt/airflow/dags/etl_dag.py for tasks to queue
[2024-04-30T11:38:59.730+0000] {logging_mixin.py:188} INFO - [2024-04-30T11:38:59.730+0000] {dagbag.py:540} INFO - Filling up the DagBag from /opt/airflow/dags/etl_dag.py
[2024-04-30T11:38:59.755+0000] {processor.py:840} INFO - DAG(s) 'etl_pipeline' retrieved from /opt/airflow/dags/etl_dag.py
[2024-04-30T11:38:59.784+0000] {logging_mixin.py:188} INFO - [2024-04-30T11:38:59.783+0000] {dag.py:3096} INFO - Sync 1 DAGs
[2024-04-30T11:38:59.808+0000] {logging_mixin.py:188} INFO - [2024-04-30T11:38:59.807+0000] {dag.py:3954} INFO - Setting next_dagrun for etl_pipeline to 2024-04-30 00:00:00+00:00, run_after=2024-05-01 00:00:00+00:00
[2024-04-30T11:38:59.831+0000] {processor.py:183} INFO - Processing /opt/airflow/dags/etl_dag.py took 0.111 seconds
[2024-04-30T11:39:29.951+0000] {processor.py:161} INFO - Started process (PID=171) to work on /opt/airflow/dags/etl_dag.py
[2024-04-30T11:39:29.952+0000] {processor.py:830} INFO - Processing file /opt/airflow/dags/etl_dag.py for tasks to queue
[2024-04-30T11:39:29.955+0000] {logging_mixin.py:188} INFO - [2024-04-30T11:39:29.954+0000] {dagbag.py:540} INFO - Filling up the DagBag from /opt/airflow/dags/etl_dag.py
[2024-04-30T11:39:29.980+0000] {processor.py:840} INFO - DAG(s) 'etl_pipeline' retrieved from /opt/airflow/dags/etl_dag.py
[2024-04-30T11:39:30.011+0000] {logging_mixin.py:188} INFO - [2024-04-30T11:39:30.010+0000] {dag.py:3096} INFO - Sync 1 DAGs
[2024-04-30T11:39:30.038+0000] {logging_mixin.py:188} INFO - [2024-04-30T11:39:30.038+0000] {dag.py:3954} INFO - Setting next_dagrun for etl_pipeline to 2024-04-30 00:00:00+00:00, run_after=2024-05-01 00:00:00+00:00
[2024-04-30T11:39:30.059+0000] {processor.py:183} INFO - Processing /opt/airflow/dags/etl_dag.py took 0.115 seconds
[2024-04-30T11:40:00.205+0000] {processor.py:161} INFO - Started process (PID=178) to work on /opt/airflow/dags/etl_dag.py
[2024-04-30T11:40:00.206+0000] {processor.py:830} INFO - Processing file /opt/airflow/dags/etl_dag.py for tasks to queue
[2024-04-30T11:40:00.208+0000] {logging_mixin.py:188} INFO - [2024-04-30T11:40:00.208+0000] {dagbag.py:540} INFO - Filling up the DagBag from /opt/airflow/dags/etl_dag.py
[2024-04-30T11:40:00.237+0000] {processor.py:840} INFO - DAG(s) 'etl_pipeline' retrieved from /opt/airflow/dags/etl_dag.py
[2024-04-30T11:40:00.276+0000] {logging_mixin.py:188} INFO - [2024-04-30T11:40:00.276+0000] {dag.py:3096} INFO - Sync 1 DAGs
[2024-04-30T11:40:00.315+0000] {logging_mixin.py:188} INFO - [2024-04-30T11:40:00.315+0000] {dag.py:3954} INFO - Setting next_dagrun for etl_pipeline to 2024-04-30 00:00:00+00:00, run_after=2024-05-01 00:00:00+00:00
[2024-04-30T11:40:00.338+0000] {processor.py:183} INFO - Processing /opt/airflow/dags/etl_dag.py took 0.140 seconds
[2024-04-30T11:40:30.518+0000] {processor.py:161} INFO - Started process (PID=193) to work on /opt/airflow/dags/etl_dag.py
[2024-04-30T11:40:30.520+0000] {processor.py:830} INFO - Processing file /opt/airflow/dags/etl_dag.py for tasks to queue
[2024-04-30T11:40:30.523+0000] {logging_mixin.py:188} INFO - [2024-04-30T11:40:30.522+0000] {dagbag.py:540} INFO - Filling up the DagBag from /opt/airflow/dags/etl_dag.py
[2024-04-30T11:40:30.551+0000] {processor.py:840} INFO - DAG(s) 'etl_pipeline' retrieved from /opt/airflow/dags/etl_dag.py
[2024-04-30T11:40:30.582+0000] {logging_mixin.py:188} INFO - [2024-04-30T11:40:30.581+0000] {dag.py:3096} INFO - Sync 1 DAGs
[2024-04-30T11:40:30.643+0000] {logging_mixin.py:188} INFO - [2024-04-30T11:40:30.642+0000] {dag.py:3954} INFO - Setting next_dagrun for etl_pipeline to 2024-04-30 00:00:00+00:00, run_after=2024-05-01 00:00:00+00:00
[2024-04-30T11:40:30.666+0000] {processor.py:183} INFO - Processing /opt/airflow/dags/etl_dag.py took 0.156 seconds
[2024-04-30T11:41:00.732+0000] {processor.py:161} INFO - Started process (PID=200) to work on /opt/airflow/dags/etl_dag.py
[2024-04-30T11:41:00.733+0000] {processor.py:830} INFO - Processing file /opt/airflow/dags/etl_dag.py for tasks to queue
[2024-04-30T11:41:00.736+0000] {logging_mixin.py:188} INFO - [2024-04-30T11:41:00.735+0000] {dagbag.py:540} INFO - Filling up the DagBag from /opt/airflow/dags/etl_dag.py
[2024-04-30T11:41:00.760+0000] {processor.py:840} INFO - DAG(s) 'etl_pipeline' retrieved from /opt/airflow/dags/etl_dag.py
[2024-04-30T11:41:00.794+0000] {logging_mixin.py:188} INFO - [2024-04-30T11:41:00.793+0000] {dag.py:3096} INFO - Sync 1 DAGs
[2024-04-30T11:41:00.823+0000] {logging_mixin.py:188} INFO - [2024-04-30T11:41:00.822+0000] {dag.py:3954} INFO - Setting next_dagrun for etl_pipeline to 2024-04-30 00:00:00+00:00, run_after=2024-05-01 00:00:00+00:00
[2024-04-30T11:41:00.850+0000] {processor.py:183} INFO - Processing /opt/airflow/dags/etl_dag.py took 0.126 seconds
[2024-04-30T11:41:31.091+0000] {processor.py:161} INFO - Started process (PID=207) to work on /opt/airflow/dags/etl_dag.py
[2024-04-30T11:41:31.092+0000] {processor.py:830} INFO - Processing file /opt/airflow/dags/etl_dag.py for tasks to queue
[2024-04-30T11:41:31.094+0000] {logging_mixin.py:188} INFO - [2024-04-30T11:41:31.094+0000] {dagbag.py:540} INFO - Filling up the DagBag from /opt/airflow/dags/etl_dag.py
[2024-04-30T11:41:31.124+0000] {processor.py:840} INFO - DAG(s) 'etl_pipeline' retrieved from /opt/airflow/dags/etl_dag.py
[2024-04-30T11:41:31.162+0000] {logging_mixin.py:188} INFO - [2024-04-30T11:41:31.162+0000] {dag.py:3096} INFO - Sync 1 DAGs
[2024-04-30T11:41:31.191+0000] {logging_mixin.py:188} INFO - [2024-04-30T11:41:31.190+0000] {dag.py:3954} INFO - Setting next_dagrun for etl_pipeline to 2024-04-30 00:00:00+00:00, run_after=2024-05-01 00:00:00+00:00
[2024-04-30T11:41:31.218+0000] {processor.py:183} INFO - Processing /opt/airflow/dags/etl_dag.py took 0.133 seconds
[2024-04-30T11:42:01.289+0000] {processor.py:161} INFO - Started process (PID=222) to work on /opt/airflow/dags/etl_dag.py
[2024-04-30T11:42:01.290+0000] {processor.py:830} INFO - Processing file /opt/airflow/dags/etl_dag.py for tasks to queue
[2024-04-30T11:42:01.292+0000] {logging_mixin.py:188} INFO - [2024-04-30T11:42:01.292+0000] {dagbag.py:540} INFO - Filling up the DagBag from /opt/airflow/dags/etl_dag.py
[2024-04-30T11:42:01.319+0000] {processor.py:840} INFO - DAG(s) 'etl_pipeline' retrieved from /opt/airflow/dags/etl_dag.py
[2024-04-30T11:42:01.351+0000] {logging_mixin.py:188} INFO - [2024-04-30T11:42:01.351+0000] {dag.py:3096} INFO - Sync 1 DAGs
[2024-04-30T11:42:01.379+0000] {logging_mixin.py:188} INFO - [2024-04-30T11:42:01.378+0000] {dag.py:3954} INFO - Setting next_dagrun for etl_pipeline to 2024-04-30 00:00:00+00:00, run_after=2024-05-01 00:00:00+00:00
[2024-04-30T11:42:01.404+0000] {processor.py:183} INFO - Processing /opt/airflow/dags/etl_dag.py took 0.121 seconds
[2024-04-30T11:42:29.604+0000] {processor.py:161} INFO - Started process (PID=229) to work on /opt/airflow/dags/etl_dag.py
[2024-04-30T11:42:29.606+0000] {processor.py:830} INFO - Processing file /opt/airflow/dags/etl_dag.py for tasks to queue
[2024-04-30T11:42:29.609+0000] {logging_mixin.py:188} INFO - [2024-04-30T11:42:29.609+0000] {dagbag.py:540} INFO - Filling up the DagBag from /opt/airflow/dags/etl_dag.py
[2024-04-30T11:42:29.665+0000] {processor.py:840} INFO - DAG(s) 'etl_pipeline' retrieved from /opt/airflow/dags/etl_dag.py
[2024-04-30T11:42:29.830+0000] {logging_mixin.py:188} INFO - [2024-04-30T11:42:29.830+0000] {dag.py:3096} INFO - Sync 1 DAGs
[2024-04-30T11:42:29.873+0000] {logging_mixin.py:188} INFO - [2024-04-30T11:42:29.873+0000] {dag.py:3954} INFO - Setting next_dagrun for etl_pipeline to 2024-04-30 00:00:00+00:00, run_after=2024-05-01 00:00:00+00:00
[2024-04-30T11:42:29.913+0000] {processor.py:183} INFO - Processing /opt/airflow/dags/etl_dag.py took 0.318 seconds
[2024-04-30T11:43:00.138+0000] {processor.py:161} INFO - Started process (PID=237) to work on /opt/airflow/dags/etl_dag.py
[2024-04-30T11:43:00.139+0000] {processor.py:830} INFO - Processing file /opt/airflow/dags/etl_dag.py for tasks to queue
[2024-04-30T11:43:00.144+0000] {logging_mixin.py:188} INFO - [2024-04-30T11:43:00.143+0000] {dagbag.py:540} INFO - Filling up the DagBag from /opt/airflow/dags/etl_dag.py
[2024-04-30T11:43:00.176+0000] {processor.py:840} INFO - DAG(s) 'etl_pipeline' retrieved from /opt/airflow/dags/etl_dag.py
[2024-04-30T11:43:00.218+0000] {logging_mixin.py:188} INFO - [2024-04-30T11:43:00.218+0000] {dag.py:3096} INFO - Sync 1 DAGs
[2024-04-30T11:43:00.248+0000] {logging_mixin.py:188} INFO - [2024-04-30T11:43:00.248+0000] {dag.py:3954} INFO - Setting next_dagrun for etl_pipeline to 2024-04-30 00:00:00+00:00, run_after=2024-05-01 00:00:00+00:00
[2024-04-30T11:43:00.274+0000] {processor.py:183} INFO - Processing /opt/airflow/dags/etl_dag.py took 0.147 seconds
[2024-04-30T11:43:13.224+0000] {processor.py:161} INFO - Started process (PID=238) to work on /opt/airflow/dags/etl_dag.py
[2024-04-30T11:43:13.226+0000] {processor.py:830} INFO - Processing file /opt/airflow/dags/etl_dag.py for tasks to queue
[2024-04-30T11:43:13.228+0000] {logging_mixin.py:188} INFO - [2024-04-30T11:43:13.228+0000] {dagbag.py:540} INFO - Filling up the DagBag from /opt/airflow/dags/etl_dag.py
[2024-04-30T11:43:13.295+0000] {processor.py:840} INFO - DAG(s) 'etl_pipeline' retrieved from /opt/airflow/dags/etl_dag.py
[2024-04-30T11:43:13.489+0000] {logging_mixin.py:188} INFO - [2024-04-30T11:43:13.489+0000] {dag.py:3096} INFO - Sync 1 DAGs
[2024-04-30T11:43:13.524+0000] {logging_mixin.py:188} INFO - [2024-04-30T11:43:13.523+0000] {dag.py:3954} INFO - Setting next_dagrun for etl_pipeline to 2024-04-30 00:00:00+00:00, run_after=2024-05-01 00:00:00+00:00
[2024-04-30T11:43:13.562+0000] {processor.py:183} INFO - Processing /opt/airflow/dags/etl_dag.py took 0.346 seconds
[2024-04-30T11:43:43.759+0000] {processor.py:161} INFO - Started process (PID=245) to work on /opt/airflow/dags/etl_dag.py
[2024-04-30T11:43:43.761+0000] {processor.py:830} INFO - Processing file /opt/airflow/dags/etl_dag.py for tasks to queue
[2024-04-30T11:43:43.763+0000] {logging_mixin.py:188} INFO - [2024-04-30T11:43:43.763+0000] {dagbag.py:540} INFO - Filling up the DagBag from /opt/airflow/dags/etl_dag.py
[2024-04-30T11:43:43.788+0000] {processor.py:840} INFO - DAG(s) 'etl_pipeline' retrieved from /opt/airflow/dags/etl_dag.py
[2024-04-30T11:43:43.818+0000] {logging_mixin.py:188} INFO - [2024-04-30T11:43:43.818+0000] {dag.py:3096} INFO - Sync 1 DAGs
[2024-04-30T11:43:43.848+0000] {logging_mixin.py:188} INFO - [2024-04-30T11:43:43.848+0000] {dag.py:3954} INFO - Setting next_dagrun for etl_pipeline to 2024-04-30 00:00:00+00:00, run_after=2024-05-01 00:00:00+00:00
[2024-04-30T11:43:43.873+0000] {processor.py:183} INFO - Processing /opt/airflow/dags/etl_dag.py took 0.122 seconds
[2024-04-30T11:44:13.984+0000] {processor.py:161} INFO - Started process (PID=252) to work on /opt/airflow/dags/etl_dag.py
[2024-04-30T11:44:13.985+0000] {processor.py:830} INFO - Processing file /opt/airflow/dags/etl_dag.py for tasks to queue
[2024-04-30T11:44:13.988+0000] {logging_mixin.py:188} INFO - [2024-04-30T11:44:13.988+0000] {dagbag.py:540} INFO - Filling up the DagBag from /opt/airflow/dags/etl_dag.py
[2024-04-30T11:44:14.013+0000] {processor.py:840} INFO - DAG(s) 'etl_pipeline' retrieved from /opt/airflow/dags/etl_dag.py
[2024-04-30T11:44:14.041+0000] {logging_mixin.py:188} INFO - [2024-04-30T11:44:14.041+0000] {dag.py:3096} INFO - Sync 1 DAGs
[2024-04-30T11:44:14.065+0000] {logging_mixin.py:188} INFO - [2024-04-30T11:44:14.064+0000] {dag.py:3954} INFO - Setting next_dagrun for etl_pipeline to 2024-04-30 00:00:00+00:00, run_after=2024-05-01 00:00:00+00:00
[2024-04-30T11:44:14.088+0000] {processor.py:183} INFO - Processing /opt/airflow/dags/etl_dag.py took 0.111 seconds
[2024-04-30T11:44:17.118+0000] {processor.py:161} INFO - Started process (PID=253) to work on /opt/airflow/dags/etl_dag.py
[2024-04-30T11:44:17.119+0000] {processor.py:830} INFO - Processing file /opt/airflow/dags/etl_dag.py for tasks to queue
[2024-04-30T11:44:17.123+0000] {logging_mixin.py:188} INFO - [2024-04-30T11:44:17.122+0000] {dagbag.py:540} INFO - Filling up the DagBag from /opt/airflow/dags/etl_dag.py
[2024-04-30T11:44:17.160+0000] {processor.py:840} INFO - DAG(s) 'etl_pipeline' retrieved from /opt/airflow/dags/etl_dag.py
[2024-04-30T11:44:17.282+0000] {logging_mixin.py:188} INFO - [2024-04-30T11:44:17.282+0000] {dag.py:3096} INFO - Sync 1 DAGs
[2024-04-30T11:44:17.305+0000] {logging_mixin.py:188} INFO - [2024-04-30T11:44:17.305+0000] {dag.py:3954} INFO - Setting next_dagrun for etl_pipeline to 2024-04-30 00:00:00+00:00, run_after=2024-05-01 00:00:00+00:00
[2024-04-30T11:44:17.337+0000] {processor.py:183} INFO - Processing /opt/airflow/dags/etl_dag.py took 0.231 seconds
[2024-04-30T11:44:47.462+0000] {processor.py:161} INFO - Started process (PID=268) to work on /opt/airflow/dags/etl_dag.py
[2024-04-30T11:44:47.463+0000] {processor.py:830} INFO - Processing file /opt/airflow/dags/etl_dag.py for tasks to queue
[2024-04-30T11:44:47.467+0000] {logging_mixin.py:188} INFO - [2024-04-30T11:44:47.466+0000] {dagbag.py:540} INFO - Filling up the DagBag from /opt/airflow/dags/etl_dag.py
[2024-04-30T11:44:47.497+0000] {processor.py:840} INFO - DAG(s) 'etl_pipeline' retrieved from /opt/airflow/dags/etl_dag.py
[2024-04-30T11:44:47.542+0000] {logging_mixin.py:188} INFO - [2024-04-30T11:44:47.542+0000] {dag.py:3096} INFO - Sync 1 DAGs
[2024-04-30T11:44:47.578+0000] {logging_mixin.py:188} INFO - [2024-04-30T11:44:47.577+0000] {dag.py:3954} INFO - Setting next_dagrun for etl_pipeline to 2024-04-30 00:00:00+00:00, run_after=2024-05-01 00:00:00+00:00
[2024-04-30T11:44:47.607+0000] {processor.py:183} INFO - Processing /opt/airflow/dags/etl_dag.py took 0.154 seconds
[2024-04-30T11:45:17.837+0000] {processor.py:161} INFO - Started process (PID=275) to work on /opt/airflow/dags/etl_dag.py
[2024-04-30T11:45:17.839+0000] {processor.py:830} INFO - Processing file /opt/airflow/dags/etl_dag.py for tasks to queue
[2024-04-30T11:45:17.842+0000] {logging_mixin.py:188} INFO - [2024-04-30T11:45:17.842+0000] {dagbag.py:540} INFO - Filling up the DagBag from /opt/airflow/dags/etl_dag.py
[2024-04-30T11:45:17.872+0000] {processor.py:840} INFO - DAG(s) 'etl_pipeline' retrieved from /opt/airflow/dags/etl_dag.py
[2024-04-30T11:45:17.903+0000] {logging_mixin.py:188} INFO - [2024-04-30T11:45:17.903+0000] {dag.py:3096} INFO - Sync 1 DAGs
[2024-04-30T11:45:17.934+0000] {logging_mixin.py:188} INFO - [2024-04-30T11:45:17.934+0000] {dag.py:3954} INFO - Setting next_dagrun for etl_pipeline to 2024-04-30 00:00:00+00:00, run_after=2024-05-01 00:00:00+00:00
[2024-04-30T11:45:17.962+0000] {processor.py:183} INFO - Processing /opt/airflow/dags/etl_dag.py took 0.133 seconds
[2024-04-30T11:45:48.083+0000] {processor.py:161} INFO - Started process (PID=282) to work on /opt/airflow/dags/etl_dag.py
[2024-04-30T11:45:48.085+0000] {processor.py:830} INFO - Processing file /opt/airflow/dags/etl_dag.py for tasks to queue
[2024-04-30T11:45:48.087+0000] {logging_mixin.py:188} INFO - [2024-04-30T11:45:48.086+0000] {dagbag.py:540} INFO - Filling up the DagBag from /opt/airflow/dags/etl_dag.py
[2024-04-30T11:45:48.113+0000] {processor.py:840} INFO - DAG(s) 'etl_pipeline' retrieved from /opt/airflow/dags/etl_dag.py
[2024-04-30T11:45:48.147+0000] {logging_mixin.py:188} INFO - [2024-04-30T11:45:48.147+0000] {dag.py:3096} INFO - Sync 1 DAGs
[2024-04-30T11:45:48.178+0000] {logging_mixin.py:188} INFO - [2024-04-30T11:45:48.178+0000] {dag.py:3954} INFO - Setting next_dagrun for etl_pipeline to 2024-04-30 00:00:00+00:00, run_after=2024-05-01 00:00:00+00:00
[2024-04-30T11:45:48.206+0000] {processor.py:183} INFO - Processing /opt/airflow/dags/etl_dag.py took 0.132 seconds
[2024-04-30T11:46:18.341+0000] {processor.py:161} INFO - Started process (PID=289) to work on /opt/airflow/dags/etl_dag.py
[2024-04-30T11:46:18.342+0000] {processor.py:830} INFO - Processing file /opt/airflow/dags/etl_dag.py for tasks to queue
[2024-04-30T11:46:18.344+0000] {logging_mixin.py:188} INFO - [2024-04-30T11:46:18.344+0000] {dagbag.py:540} INFO - Filling up the DagBag from /opt/airflow/dags/etl_dag.py
[2024-04-30T11:46:18.370+0000] {processor.py:840} INFO - DAG(s) 'etl_pipeline' retrieved from /opt/airflow/dags/etl_dag.py
[2024-04-30T11:46:18.401+0000] {logging_mixin.py:188} INFO - [2024-04-30T11:46:18.400+0000] {dag.py:3096} INFO - Sync 1 DAGs
[2024-04-30T11:46:18.426+0000] {logging_mixin.py:188} INFO - [2024-04-30T11:46:18.426+0000] {dag.py:3954} INFO - Setting next_dagrun for etl_pipeline to 2024-04-30 00:00:00+00:00, run_after=2024-05-01 00:00:00+00:00
[2024-04-30T11:46:18.452+0000] {processor.py:183} INFO - Processing /opt/airflow/dags/etl_dag.py took 0.118 seconds
[2024-04-30T11:46:48.596+0000] {processor.py:161} INFO - Started process (PID=296) to work on /opt/airflow/dags/etl_dag.py
[2024-04-30T11:46:48.598+0000] {processor.py:830} INFO - Processing file /opt/airflow/dags/etl_dag.py for tasks to queue
[2024-04-30T11:46:48.600+0000] {logging_mixin.py:188} INFO - [2024-04-30T11:46:48.599+0000] {dagbag.py:540} INFO - Filling up the DagBag from /opt/airflow/dags/etl_dag.py
[2024-04-30T11:46:48.631+0000] {processor.py:840} INFO - DAG(s) 'etl_pipeline' retrieved from /opt/airflow/dags/etl_dag.py
[2024-04-30T11:46:48.664+0000] {logging_mixin.py:188} INFO - [2024-04-30T11:46:48.664+0000] {dag.py:3096} INFO - Sync 1 DAGs
[2024-04-30T11:46:48.694+0000] {logging_mixin.py:188} INFO - [2024-04-30T11:46:48.694+0000] {dag.py:3954} INFO - Setting next_dagrun for etl_pipeline to 2024-04-30 00:00:00+00:00, run_after=2024-05-01 00:00:00+00:00
[2024-04-30T11:46:48.722+0000] {processor.py:183} INFO - Processing /opt/airflow/dags/etl_dag.py took 0.133 seconds
[2024-04-30T11:47:18.838+0000] {processor.py:161} INFO - Started process (PID=303) to work on /opt/airflow/dags/etl_dag.py
[2024-04-30T11:47:18.839+0000] {processor.py:830} INFO - Processing file /opt/airflow/dags/etl_dag.py for tasks to queue
[2024-04-30T11:47:18.842+0000] {logging_mixin.py:188} INFO - [2024-04-30T11:47:18.841+0000] {dagbag.py:540} INFO - Filling up the DagBag from /opt/airflow/dags/etl_dag.py
[2024-04-30T11:47:18.866+0000] {processor.py:840} INFO - DAG(s) 'etl_pipeline' retrieved from /opt/airflow/dags/etl_dag.py
[2024-04-30T11:47:18.896+0000] {logging_mixin.py:188} INFO - [2024-04-30T11:47:18.896+0000] {dag.py:3096} INFO - Sync 1 DAGs
[2024-04-30T11:47:18.921+0000] {logging_mixin.py:188} INFO - [2024-04-30T11:47:18.921+0000] {dag.py:3954} INFO - Setting next_dagrun for etl_pipeline to 2024-04-30 00:00:00+00:00, run_after=2024-05-01 00:00:00+00:00
[2024-04-30T11:47:18.948+0000] {processor.py:183} INFO - Processing /opt/airflow/dags/etl_dag.py took 0.117 seconds
[2024-04-30T11:47:24.000+0000] {processor.py:161} INFO - Started process (PID=304) to work on /opt/airflow/dags/etl_dag.py
[2024-04-30T11:47:24.002+0000] {processor.py:830} INFO - Processing file /opt/airflow/dags/etl_dag.py for tasks to queue
[2024-04-30T11:47:24.015+0000] {logging_mixin.py:188} INFO - [2024-04-30T11:47:24.014+0000] {dagbag.py:540} INFO - Filling up the DagBag from /opt/airflow/dags/etl_dag.py
[2024-04-30T11:47:24.283+0000] {processor.py:840} INFO - DAG(s) 'etl_pipeline' retrieved from /opt/airflow/dags/etl_dag.py
[2024-04-30T11:47:24.348+0000] {logging_mixin.py:188} INFO - [2024-04-30T11:47:24.348+0000] {dag.py:3096} INFO - Sync 1 DAGs
[2024-04-30T11:47:24.450+0000] {logging_mixin.py:188} INFO - [2024-04-30T11:47:24.450+0000] {dag.py:3954} INFO - Setting next_dagrun for etl_pipeline to 2024-04-30 00:00:00+00:00, run_after=2024-05-01 00:00:00+00:00
[2024-04-30T11:47:24.558+0000] {processor.py:183} INFO - Processing /opt/airflow/dags/etl_dag.py took 0.580 seconds
[2024-04-30T11:47:54.785+0000] {processor.py:161} INFO - Started process (PID=311) to work on /opt/airflow/dags/etl_dag.py
[2024-04-30T11:47:54.787+0000] {processor.py:830} INFO - Processing file /opt/airflow/dags/etl_dag.py for tasks to queue
[2024-04-30T11:47:54.789+0000] {logging_mixin.py:188} INFO - [2024-04-30T11:47:54.789+0000] {dagbag.py:540} INFO - Filling up the DagBag from /opt/airflow/dags/etl_dag.py
[2024-04-30T11:47:54.814+0000] {processor.py:840} INFO - DAG(s) 'etl_pipeline' retrieved from /opt/airflow/dags/etl_dag.py
[2024-04-30T11:47:54.873+0000] {logging_mixin.py:188} INFO - [2024-04-30T11:47:54.873+0000] {dag.py:3096} INFO - Sync 1 DAGs
[2024-04-30T11:47:54.905+0000] {logging_mixin.py:188} INFO - [2024-04-30T11:47:54.904+0000] {dag.py:3954} INFO - Setting next_dagrun for etl_pipeline to 2024-04-30 00:00:00+00:00, run_after=2024-05-01 00:00:00+00:00
[2024-04-30T11:47:54.932+0000] {processor.py:183} INFO - Processing /opt/airflow/dags/etl_dag.py took 0.154 seconds
[2024-04-30T11:48:24.995+0000] {processor.py:161} INFO - Started process (PID=318) to work on /opt/airflow/dags/etl_dag.py
[2024-04-30T11:48:24.996+0000] {processor.py:830} INFO - Processing file /opt/airflow/dags/etl_dag.py for tasks to queue
[2024-04-30T11:48:24.998+0000] {logging_mixin.py:188} INFO - [2024-04-30T11:48:24.997+0000] {dagbag.py:540} INFO - Filling up the DagBag from /opt/airflow/dags/etl_dag.py
[2024-04-30T11:48:25.026+0000] {processor.py:840} INFO - DAG(s) 'etl_pipeline' retrieved from /opt/airflow/dags/etl_dag.py
[2024-04-30T11:48:25.060+0000] {logging_mixin.py:188} INFO - [2024-04-30T11:48:25.059+0000] {dag.py:3096} INFO - Sync 1 DAGs
[2024-04-30T11:48:25.092+0000] {logging_mixin.py:188} INFO - [2024-04-30T11:48:25.092+0000] {dag.py:3954} INFO - Setting next_dagrun for etl_pipeline to 2024-04-30 00:00:00+00:00, run_after=2024-05-01 00:00:00+00:00
[2024-04-30T11:48:25.127+0000] {processor.py:183} INFO - Processing /opt/airflow/dags/etl_dag.py took 0.139 seconds
[2024-04-30T11:48:55.324+0000] {processor.py:161} INFO - Started process (PID=325) to work on /opt/airflow/dags/etl_dag.py
[2024-04-30T11:48:55.326+0000] {processor.py:830} INFO - Processing file /opt/airflow/dags/etl_dag.py for tasks to queue
[2024-04-30T11:48:55.328+0000] {logging_mixin.py:188} INFO - [2024-04-30T11:48:55.327+0000] {dagbag.py:540} INFO - Filling up the DagBag from /opt/airflow/dags/etl_dag.py
[2024-04-30T11:48:55.353+0000] {processor.py:840} INFO - DAG(s) 'etl_pipeline' retrieved from /opt/airflow/dags/etl_dag.py
[2024-04-30T11:48:55.383+0000] {logging_mixin.py:188} INFO - [2024-04-30T11:48:55.383+0000] {dag.py:3096} INFO - Sync 1 DAGs
[2024-04-30T11:48:55.411+0000] {logging_mixin.py:188} INFO - [2024-04-30T11:48:55.411+0000] {dag.py:3954} INFO - Setting next_dagrun for etl_pipeline to 2024-04-30 00:00:00+00:00, run_after=2024-05-01 00:00:00+00:00
[2024-04-30T11:48:55.436+0000] {processor.py:183} INFO - Processing /opt/airflow/dags/etl_dag.py took 0.119 seconds
[2024-04-30T11:49:25.611+0000] {processor.py:161} INFO - Started process (PID=332) to work on /opt/airflow/dags/etl_dag.py
[2024-04-30T11:49:25.612+0000] {processor.py:830} INFO - Processing file /opt/airflow/dags/etl_dag.py for tasks to queue
[2024-04-30T11:49:25.615+0000] {logging_mixin.py:188} INFO - [2024-04-30T11:49:25.614+0000] {dagbag.py:540} INFO - Filling up the DagBag from /opt/airflow/dags/etl_dag.py
[2024-04-30T11:49:25.639+0000] {processor.py:840} INFO - DAG(s) 'etl_pipeline' retrieved from /opt/airflow/dags/etl_dag.py
[2024-04-30T11:49:25.669+0000] {logging_mixin.py:188} INFO - [2024-04-30T11:49:25.669+0000] {dag.py:3096} INFO - Sync 1 DAGs
[2024-04-30T11:49:25.696+0000] {logging_mixin.py:188} INFO - [2024-04-30T11:49:25.696+0000] {dag.py:3954} INFO - Setting next_dagrun for etl_pipeline to 2024-04-30 00:00:00+00:00, run_after=2024-05-01 00:00:00+00:00
[2024-04-30T11:49:25.720+0000] {processor.py:183} INFO - Processing /opt/airflow/dags/etl_dag.py took 0.116 seconds
[2024-04-30T11:49:55.886+0000] {processor.py:161} INFO - Started process (PID=345) to work on /opt/airflow/dags/etl_dag.py
[2024-04-30T11:49:55.888+0000] {processor.py:830} INFO - Processing file /opt/airflow/dags/etl_dag.py for tasks to queue
[2024-04-30T11:49:55.890+0000] {logging_mixin.py:188} INFO - [2024-04-30T11:49:55.890+0000] {dagbag.py:540} INFO - Filling up the DagBag from /opt/airflow/dags/etl_dag.py
[2024-04-30T11:49:55.912+0000] {processor.py:840} INFO - DAG(s) 'etl_pipeline' retrieved from /opt/airflow/dags/etl_dag.py
[2024-04-30T11:49:55.942+0000] {logging_mixin.py:188} INFO - [2024-04-30T11:49:55.942+0000] {dag.py:3096} INFO - Sync 1 DAGs
[2024-04-30T11:49:55.967+0000] {logging_mixin.py:188} INFO - [2024-04-30T11:49:55.967+0000] {dag.py:3954} INFO - Setting next_dagrun for etl_pipeline to 2024-04-30 00:00:00+00:00, run_after=2024-05-01 00:00:00+00:00
[2024-04-30T11:49:55.991+0000] {processor.py:183} INFO - Processing /opt/airflow/dags/etl_dag.py took 0.114 seconds
